Using pre-set license
Built from '2020.3/staging' branch; Version is '2020.3.0f1 (c7b5465681fb) revision 13088070'; Using compiler version '192528614'; Build Type 'Release'
OS: 'Windows 10 Pro; OS build 10240.17394; Version ; 64bit' Language: 'en' Physical Memory: 12147 MB
BatchMode: 1, IsHumanControllingUs: 0, StartBugReporterOnCrash: 0, Is64bit: 1, IsPro: 0

 COMMAND LINE ARGUMENTS:
C:\Program Files\Unity\Hub\Editor\2020.3.0f1\Editor\Unity.exe
-adb2
-batchMode
-noUpm
-name
AssetImportWorker0
-projectPath
D:/UTS Pemrograman Game/UTS_Project
-logFile
Logs/AssetImportWorker0.log
-srvPort
53020
Successfully changed project path to: D:/UTS Pemrograman Game/UTS_Project
D:/UTS Pemrograman Game/UTS_Project
Using Asset Import Pipeline V2.
Refreshing native plugins compatible for Editor in 56.94 ms, found 1 plugins.
Preloading 0 native plugins for Editor in 0.00 ms.
Initialize engine version: 2020.3.0f1 (c7b5465681fb)
[Subsystems] Discovering subsystems at path C:/Program Files/Unity/Hub/Editor/2020.3.0f1/Editor/Data/Resources/UnitySubsystems
[Subsystems] Discovering subsystems at path D:/UTS Pemrograman Game/UTS_Project/Assets
GfxDevice: creating device client; threaded=0
d3d11: QueryInterface(IDXGIFactory5) failed (80004002).
Direct3D:
    Version:  Direct3D 11.0 [level 11.1]
    Renderer: Intel(R) HD Graphics 520 (ID=0x1916)
    Vendor:   
    VRAM:     6073 MB
    Driver:   20.19.15.4474
Initialize mono
Mono path[0] = 'C:/Program Files/Unity/Hub/Editor/2020.3.0f1/Editor/Data/Managed'
Mono path[1] = 'C:/Program Files/Unity/Hub/Editor/2020.3.0f1/Editor/Data/MonoBleedingEdge/lib/mono/unityjit'
Mono config path = 'C:/Program Files/Unity/Hub/Editor/2020.3.0f1/Editor/Data/MonoBleedingEdge/etc'
Using monoOptions --debugger-agent=transport=dt_socket,embedding=1,server=y,suspend=n,address=127.0.0.1:56624
Begin MonoManager ReloadAssembly
Registering precompiled unity dll's ...
Register platform support module: C:/Program Files/Unity/Hub/Editor/2020.3.0f1/Editor/Data/PlaybackEngines/WindowsStandaloneSupport/UnityEditor.WindowsStandalone.Extensions.dll
Registered in 0.001433 seconds.
Native extension for WindowsStandalone target not found
Refreshing native plugins compatible for Editor in 59.58 ms, found 1 plugins.
Preloading 0 native plugins for Editor in 0.00 ms.
Invoked RoslynAnalysisRunner static constructor.
RoslynAnalysisRunner will not be running.
RoslynAnalysisRunner has terminated.
Mono: successfully reloaded assembly
- Completed reload, in  1.629 seconds
Platform modules already initialized, skipping
Registering precompiled user dll's ...
Registered in 0.001225 seconds.
Begin MonoManager ReloadAssembly
Native extension for WindowsStandalone target not found
Refreshing native plugins compatible for Editor in 51.71 ms, found 1 plugins.
Preloading 0 native plugins for Editor in 0.00 ms.
Invoked RoslynAnalysisRunner static constructor.
RoslynAnalysisRunner will not be running.
RoslynAnalysisRunner has terminated.
Mono: successfully reloaded assembly
- Completed reload, in  1.277 seconds
Platform modules already initialized, skipping
========================================================================
Worker process is ready to serve import requests
Launched and connected shader compiler UnityShaderCompiler.exe after 0.04 seconds
Refreshing native plugins compatible for Editor in 0.63 ms, found 1 plugins.
Preloading 0 native plugins for Editor in 0.00 ms.
Unloading 1821 Unused Serialized files (Serialized files now loaded: 0)
System memory in use before: 86.5 MB.
System memory in use after: 86.5 MB.

Unloading 24 unused Assets to reduce memory usage. Loaded Objects now: 2265.
Total: 52.712197 ms (FindLiveObjects: 0.328961 ms CreateObjectMapping: 0.139094 ms MarkObjects: 52.016729 ms  DeleteObjects: 0.224427 ms)

========================================================================
Received Import Request.
  path: Assets/asset/bola.prefab
  artifactKey: Guid(77dd1f83c0b39f94b933e7bb24b49820) Importer(815301076,1909f56bfc062723c751e8b465ee728b)
Start importing Assets/asset/bola.prefab using Guid(77dd1f83c0b39f94b933e7bb24b49820) Importer(815301076,1909f56bfc062723c751e8b465ee728b)  -> (artifact id: '1f2caaa5ef146b96915d57a861500ebf') in 0.198655 seconds
  Import took 0.203566 seconds .

========================================================================
Received Prepare
Registering precompiled user dll's ...
Registered in 0.001356 seconds.
Begin MonoManager ReloadAssembly
Native extension for WindowsStandalone target not found
Refreshing native plugins compatible for Editor in 0.49 ms, found 1 plugins.
Preloading 0 native plugins for Editor in 0.00 ms.
Invoked RoslynAnalysisRunner static constructor.
RoslynAnalysisRunner will not be running.
RoslynAnalysisRunner has terminated.
Mono: successfully reloaded assembly
- Completed reload, in  1.320 seconds
Platform modules already initialized, skipping
Refreshing native plugins compatible for Editor in 0.71 ms, found 1 plugins.
Preloading 0 native plugins for Editor in 0.00 ms.
Unloading 1803 Unused Serialized files (Serialized files now loaded: 0)
System memory in use before: 88.6 MB.
System memory in use after: 88.6 MB.

Unloading 12 unused Assets to reduce memory usage. Loaded Objects now: 2276.
Total: 25.944791 ms (FindLiveObjects: 0.343041 ms CreateObjectMapping: 0.160854 ms MarkObjects: 25.259563 ms  DeleteObjects: 0.178347 ms)

========================================================================
Received Import Request.
  Time since last request: 102.696705 seconds.
  path: Assets/asset/Menu.cs
  artifactKey: Guid(bd39994a714fc8447bb805dbe6ade6ae) Importer(815301076,1909f56bfc062723c751e8b465ee728b)
Start importing Assets/asset/Menu.cs using Guid(bd39994a714fc8447bb805dbe6ade6ae) Importer(815301076,1909f56bfc062723c751e8b465ee728b)  -> (artifact id: '90cd123dfb2c0d68b77d0a1624a301ab') in 0.009158 seconds
  Import took 0.014387 seconds .

========================================================================
Received Prepare
Registering precompiled user dll's ...
Registered in 0.001870 seconds.
Begin MonoManager ReloadAssembly
Native extension for WindowsStandalone target not found
Refreshing native plugins compatible for Editor in 0.74 ms, found 1 plugins.
Preloading 0 native plugins for Editor in 0.00 ms.
Invoked RoslynAnalysisRunner static constructor.
RoslynAnalysisRunner will not be running.
RoslynAnalysisRunner has terminated.
Mono: successfully reloaded assembly
- Completed reload, in  1.319 seconds
Platform modules already initialized, skipping
Refreshing native plugins compatible for Editor in 0.70 ms, found 1 plugins.
Preloading 0 native plugins for Editor in 0.00 ms.
Unloading 1802 Unused Serialized files (Serialized files now loaded: 0)
System memory in use before: 88.6 MB.
System memory in use after: 88.6 MB.

Unloading 13 unused Assets to reduce memory usage. Loaded Objects now: 2279.
Total: 4.132700 ms (FindLiveObjects: 0.398081 ms CreateObjectMapping: 0.221440 ms MarkObjects: 3.330139 ms  DeleteObjects: 0.180480 ms)

========================================================================
Received Import Request.
  Time since last request: 40.508199 seconds.
  path: Assets/Scene/menu.unity
  artifactKey: Guid(c3eaf1bd78aa8154499d113b7f56a468) Importer(815301076,1909f56bfc062723c751e8b465ee728b)
Start importing Assets/Scene/menu.unity using Guid(c3eaf1bd78aa8154499d113b7f56a468) Importer(815301076,1909f56bfc062723c751e8b465ee728b)  -> (artifact id: '88a65ae23f9d108338a93a0c1a9b0f66') in 0.017547 seconds
  Import took 0.022236 seconds .

========================================================================
Received Prepare
Registering precompiled user dll's ...
Registered in 0.001533 seconds.
Begin MonoManager ReloadAssembly
Native extension for WindowsStandalone target not found
Refreshing native plugins compatible for Editor in 0.67 ms, found 1 plugins.
Preloading 0 native plugins for Editor in 0.00 ms.
Invoked RoslynAnalysisRunner static constructor.
RoslynAnalysisRunner will not be running.
RoslynAnalysisRunner has terminated.
Mono: successfully reloaded assembly
- Completed reload, in  1.182 seconds
Platform modules already initialized, skipping
Refreshing native plugins compatible for Editor in 0.71 ms, found 1 plugins.
Preloading 0 native plugins for Editor in 0.00 ms.
Unloading 1803 Unused Serialized files (Serialized files now loaded: 0)
System memory in use before: 88.7 MB.
System memory in use after: 88.6 MB.

Unloading 12 unused Assets to reduce memory usage. Loaded Objects now: 2284.
Total: 3.380486 ms (FindLiveObjects: 0.427094 ms CreateObjectMapping: 0.244054 ms MarkObjects: 2.499418 ms  DeleteObjects: 0.206934 ms)

========================================================================
Received Prepare
Registering precompiled user dll's ...
Registered in 0.001277 seconds.
Begin MonoManager ReloadAssembly
Native extension for WindowsStandalone target not found
Refreshing native plugins compatible for Editor in 0.47 ms, found 1 plugins.
Preloading 0 native plugins for Editor in 0.00 ms.
Invoked RoslynAnalysisRunner static constructor.
RoslynAnalysisRunner will not be running.
RoslynAnalysisRunner has terminated.
Mono: successfully reloaded assembly
- Completed reload, in  1.152 seconds
Platform modules already initialized, skipping
Refreshing native plugins compatible for Editor in 1.32 ms, found 1 plugins.
Preloading 0 native plugins for Editor in 0.00 ms.
Unloading 1803 Unused Serialized files (Serialized files now loaded: 0)
System memory in use before: 88.7 MB.
System memory in use after: 88.7 MB.

Unloading 12 unused Assets to reduce memory usage. Loaded Objects now: 2288.
Total: 2.327044 ms (FindLiveObjects: 0.203947 ms CreateObjectMapping: 0.078507 ms MarkObjects: 1.908483 ms  DeleteObjects: 0.133974 ms)

========================================================================
Received Import Request.
  Time since last request: 29.374872 seconds.
  path: Assets/menu.cs
  artifactKey: Guid(2ebd319ead08e79419310ffb53731ac5) Importer(815301076,1909f56bfc062723c751e8b465ee728b)
Start importing Assets/menu.cs using Guid(2ebd319ead08e79419310ffb53731ac5) Importer(815301076,1909f56bfc062723c751e8b465ee728b)  -> (artifact id: '015ca193578eef3989833d32657792d6') in 0.004727 seconds
  Import took 0.009490 seconds .

========================================================================
Received Import Request.
  Time since last request: 0.002042 seconds.
  path: Assets/menu.cs
  artifactKey: Guid(2ebd319ead08e79419310ffb53731ac5) Importer(815301076,1909f56bfc062723c751e8b465ee728b)
Start importing Assets/menu.cs using Guid(2ebd319ead08e79419310ffb53731ac5) Importer(815301076,1909f56bfc062723c751e8b465ee728b)  -> (artifact id: '015ca193578eef3989833d32657792d6') in 0.001710 seconds
  Import took 0.010898 seconds .

========================================================================
Received Import Request.
  Time since last request: 25.327675 seconds.
  path: Assets/menu.cs
  artifactKey: Guid(2ebd319ead08e79419310ffb53731ac5) Importer(815301076,1909f56bfc062723c751e8b465ee728b)
Start importing Assets/menu.cs using Guid(2ebd319ead08e79419310ffb53731ac5) Importer(815301076,1909f56bfc062723c751e8b465ee728b)  -> (artifact id: '9eca03f8be3467cfa70286144baf753d') in 0.002152 seconds
  Import took 0.009459 seconds .

========================================================================
Received Prepare
Registering precompiled user dll's ...
Registered in 0.001319 seconds.
Begin MonoManager ReloadAssembly
Native extension for WindowsStandalone target not found
Refreshing native plugins compatible for Editor in 0.68 ms, found 1 plugins.
Preloading 0 native plugins for Editor in 0.00 ms.
Invoked RoslynAnalysisRunner static constructor.
RoslynAnalysisRunner will not be running.
RoslynAnalysisRunner has terminated.
Mono: successfully reloaded assembly
- Completed reload, in  1.406 seconds
Platform modules already initialized, skipping
Refreshing native plugins compatible for Editor in 20.55 ms, found 1 plugins.
Preloading 0 native plugins for Editor in 0.00 ms.
Unloading 1802 Unused Serialized files (Serialized files now loaded: 0)
System memory in use before: 88.7 MB.
System memory in use after: 88.7 MB.

Unloading 13 unused Assets to reduce memory usage. Loaded Objects now: 2291.
Total: 4.770141 ms (FindLiveObjects: 0.314881 ms CreateObjectMapping: 0.119467 ms MarkObjects: 4.127580 ms  DeleteObjects: 0.205227 ms)

========================================================================
Received Import Request.
  Time since last request: 38.372216 seconds.
  path: Assets/Scene/menu.unity
  artifactKey: Guid(c3eaf1bd78aa8154499d113b7f56a468) Importer(815301076,1909f56bfc062723c751e8b465ee728b)
Start importing Assets/Scene/menu.unity using Guid(c3eaf1bd78aa8154499d113b7f56a468) Importer(815301076,1909f56bfc062723c751e8b465ee728b)  -> (artifact id: '10f8cfec0f00c85ae9e7ec0575280abc') in 0.027261 seconds
  Import took 0.031778 seconds .

========================================================================
Received Prepare
Registering precompiled user dll's ...
Registered in 0.001003 seconds.
Begin MonoManager ReloadAssembly
Native extension for WindowsStandalone target not found
Refreshing native plugins compatible for Editor in 0.44 ms, found 1 plugins.
Preloading 0 native plugins for Editor in 0.00 ms.
Invoked RoslynAnalysisRunner static constructor.
RoslynAnalysisRunner will not be running.
RoslynAnalysisRunner has terminated.
Mono: successfully reloaded assembly
- Completed reload, in  1.032 seconds
Platform modules already initialized, skipping
Refreshing native plugins compatible for Editor in 4.72 ms, found 1 plugins.
Preloading 0 native plugins for Editor in 0.00 ms.
Unloading 1802 Unused Serialized files (Serialized files now loaded: 0)
System memory in use before: 88.7 MB.
System memory in use after: 88.7 MB.

Unloading 12 unused Assets to reduce memory usage. Loaded Objects now: 2295.
Total: 3.692380 ms (FindLiveObjects: 0.323841 ms CreateObjectMapping: 0.132694 ms MarkObjects: 3.078832 ms  DeleteObjects: 0.154454 ms)

AssetImportWorkerClient::OnTransportError - code=2 error=End of file
