Using pre-set license
Built from '2020.3/staging' branch; Version is '2020.3.0f1 (c7b5465681fb) revision 13088070'; Using compiler version '192528614'; Build Type 'Release'
OS: 'Windows 10 Pro; OS build 10240.17394; Version ; 64bit' Language: 'en' Physical Memory: 12147 MB
BatchMode: 1, IsHumanControllingUs: 0, StartBugReporterOnCrash: 0, Is64bit: 1, IsPro: 0

 COMMAND LINE ARGUMENTS:
C:\Program Files\Unity\Hub\Editor\2020.3.0f1\Editor\Unity.exe
-adb2
-batchMode
-noUpm
-name
AssetImportWorker0
-projectPath
D:/UTS Pemrograman Game/UTS_Project
-logFile
Logs/AssetImportWorker0.log
-srvPort
55248
Successfully changed project path to: D:/UTS Pemrograman Game/UTS_Project
D:/UTS Pemrograman Game/UTS_Project
Using Asset Import Pipeline V2.
Refreshing native plugins compatible for Editor in 48.13 ms, found 1 plugins.
Preloading 0 native plugins for Editor in 0.00 ms.
Initialize engine version: 2020.3.0f1 (c7b5465681fb)
[Subsystems] Discovering subsystems at path C:/Program Files/Unity/Hub/Editor/2020.3.0f1/Editor/Data/Resources/UnitySubsystems
[Subsystems] Discovering subsystems at path D:/UTS Pemrograman Game/UTS_Project/Assets
GfxDevice: creating device client; threaded=0
d3d11: QueryInterface(IDXGIFactory5) failed (80004002).
Direct3D:
    Version:  Direct3D 11.0 [level 11.1]
    Renderer: Intel(R) HD Graphics 520 (ID=0x1916)
    Vendor:   
    VRAM:     6073 MB
    Driver:   20.19.15.4474
Initialize mono
Mono path[0] = 'C:/Program Files/Unity/Hub/Editor/2020.3.0f1/Editor/Data/Managed'
Mono path[1] = 'C:/Program Files/Unity/Hub/Editor/2020.3.0f1/Editor/Data/MonoBleedingEdge/lib/mono/unityjit'
Mono config path = 'C:/Program Files/Unity/Hub/Editor/2020.3.0f1/Editor/Data/MonoBleedingEdge/etc'
Using monoOptions --debugger-agent=transport=dt_socket,embedding=1,server=y,suspend=n,address=127.0.0.1:56084
Begin MonoManager ReloadAssembly
Registering precompiled unity dll's ...
Register platform support module: C:/Program Files/Unity/Hub/Editor/2020.3.0f1/Editor/Data/PlaybackEngines/WindowsStandaloneSupport/UnityEditor.WindowsStandalone.Extensions.dll
Registered in 0.001588 seconds.
Native extension for WindowsStandalone target not found
Refreshing native plugins compatible for Editor in 48.07 ms, found 1 plugins.
Preloading 0 native plugins for Editor in 0.00 ms.
Invoked RoslynAnalysisRunner static constructor.
RoslynAnalysisRunner will not be running.
RoslynAnalysisRunner has terminated.
Mono: successfully reloaded assembly
- Completed reload, in  1.462 seconds
Platform modules already initialized, skipping
Registering precompiled user dll's ...
Registered in 0.001001 seconds.
Begin MonoManager ReloadAssembly
Native extension for WindowsStandalone target not found
Refreshing native plugins compatible for Editor in 82.01 ms, found 1 plugins.
Preloading 0 native plugins for Editor in 0.00 ms.
Invoked RoslynAnalysisRunner static constructor.
RoslynAnalysisRunner will not be running.
RoslynAnalysisRunner has terminated.
Mono: successfully reloaded assembly
- Completed reload, in  1.812 seconds
Platform modules already initialized, skipping
========================================================================
Worker process is ready to serve import requests
Launched and connected shader compiler UnityShaderCompiler.exe after 0.04 seconds
Refreshing native plugins compatible for Editor in 0.71 ms, found 1 plugins.
Preloading 0 native plugins for Editor in 0.00 ms.
Unloading 1807 Unused Serialized files (Serialized files now loaded: 0)
System memory in use before: 84.6 MB.
System memory in use after: 84.6 MB.

Unloading 24 unused Assets to reduce memory usage. Loaded Objects now: 2249.
Total: 3.707740 ms (FindLiveObjects: 0.333227 ms CreateObjectMapping: 0.129707 ms MarkObjects: 3.086939 ms  DeleteObjects: 0.155734 ms)

========================================================================
Received Import Request.
  path: Assets/playermovement.cs
  artifactKey: Guid(fd08f54dda2252e4983a450191997eee) Importer(815301076,1909f56bfc062723c751e8b465ee728b)
Start importing Assets/playermovement.cs using Guid(fd08f54dda2252e4983a450191997eee) Importer(815301076,1909f56bfc062723c751e8b465ee728b)  -> (artifact id: '23676ed5bda9c05fe97f26516a168f30') in 0.022586 seconds
  Import took 0.026435 seconds .

========================================================================
Received Prepare
Refreshing native plugins compatible for Editor in 22.06 ms, found 1 plugins.
Preloading 0 native plugins for Editor in 0.00 ms.
Unloading 10 Unused Serialized files (Serialized files now loaded: 0)
System memory in use before: 49.0 MB.
System memory in use after: 49.0 MB.

Unloading 10 unused Assets to reduce memory usage. Loaded Objects now: 2249.
Total: 3.060485 ms (FindLiveObjects: 0.258134 ms CreateObjectMapping: 0.164694 ms MarkObjects: 2.301871 ms  DeleteObjects: 0.332374 ms)

========================================================================
Received Prepare
Registering precompiled user dll's ...
Registered in 0.000939 seconds.
Begin MonoManager ReloadAssembly
Native extension for WindowsStandalone target not found
Refreshing native plugins compatible for Editor in 0.60 ms, found 1 plugins.
Preloading 0 native plugins for Editor in 0.00 ms.
Invoked RoslynAnalysisRunner static constructor.
RoslynAnalysisRunner will not be running.
RoslynAnalysisRunner has terminated.
Mono: successfully reloaded assembly
- Completed reload, in  1.670 seconds
Platform modules already initialized, skipping
Refreshing native plugins compatible for Editor in 0.88 ms, found 1 plugins.
Preloading 0 native plugins for Editor in 0.00 ms.
Unloading 1802 Unused Serialized files (Serialized files now loaded: 0)
System memory in use before: 84.6 MB.
System memory in use after: 84.6 MB.

Unloading 12 unused Assets to reduce memory usage. Loaded Objects now: 2253.
Total: 3.877553 ms (FindLiveObjects: 0.345601 ms CreateObjectMapping: 0.165120 ms MarkObjects: 3.162032 ms  DeleteObjects: 0.202240 ms)

========================================================================
Received Import Request.
  Time since last request: 359.553363 seconds.
  path: Assets/bola.prefab
  artifactKey: Guid(77dd1f83c0b39f94b933e7bb24b49820) Importer(815301076,1909f56bfc062723c751e8b465ee728b)
Start importing Assets/bola.prefab using Guid(77dd1f83c0b39f94b933e7bb24b49820) Importer(815301076,1909f56bfc062723c751e8b465ee728b)  -> (artifact id: 'f452f666d78e4309a08e375d1da2b813') in 0.118572 seconds
  Import took 0.123169 seconds .

========================================================================
Received Prepare
Registering precompiled user dll's ...
Registered in 0.001311 seconds.
Begin MonoManager ReloadAssembly
Native extension for WindowsStandalone target not found
Refreshing native plugins compatible for Editor in 0.70 ms, found 1 plugins.
Preloading 0 native plugins for Editor in 0.00 ms.
Invoked RoslynAnalysisRunner static constructor.
RoslynAnalysisRunner will not be running.
RoslynAnalysisRunner has terminated.
Mono: successfully reloaded assembly
- Completed reload, in  1.148 seconds
Platform modules already initialized, skipping
Refreshing native plugins compatible for Editor in 0.83 ms, found 1 plugins.
Preloading 0 native plugins for Editor in 0.00 ms.
Unloading 1802 Unused Serialized files (Serialized files now loaded: 0)
System memory in use before: 87.7 MB.
System memory in use after: 87.7 MB.

Unloading 12 unused Assets to reduce memory usage. Loaded Objects now: 2264.
Total: 2.843738 ms (FindLiveObjects: 0.236374 ms CreateObjectMapping: 0.065707 ms MarkObjects: 2.377817 ms  DeleteObjects: 0.162560 ms)

========================================================================
Received Prepare
Registering precompiled user dll's ...
Registered in 0.001345 seconds.
Begin MonoManager ReloadAssembly
Native extension for WindowsStandalone target not found
Refreshing native plugins compatible for Editor in 0.55 ms, found 1 plugins.
Preloading 0 native plugins for Editor in 0.00 ms.
Invoked RoslynAnalysisRunner static constructor.
RoslynAnalysisRunner will not be running.
RoslynAnalysisRunner has terminated.
Mono: successfully reloaded assembly
- Completed reload, in  1.786 seconds
Platform modules already initialized, skipping
Refreshing native plugins compatible for Editor in 1.05 ms, found 1 plugins.
Preloading 0 native plugins for Editor in 0.00 ms.
Unloading 1802 Unused Serialized files (Serialized files now loaded: 0)
System memory in use before: 87.8 MB.
System memory in use after: 87.7 MB.

Unloading 12 unused Assets to reduce memory usage. Loaded Objects now: 2268.
Total: 3.726086 ms (FindLiveObjects: 0.337494 ms CreateObjectMapping: 0.197974 ms MarkObjects: 3.009285 ms  DeleteObjects: 0.178347 ms)

========================================================================
Received Import Request.
  Time since last request: 171.366823 seconds.
  path: Assets/bola.prefab
  artifactKey: Guid(77dd1f83c0b39f94b933e7bb24b49820) Importer(815301076,1909f56bfc062723c751e8b465ee728b)
Start importing Assets/bola.prefab using Guid(77dd1f83c0b39f94b933e7bb24b49820) Importer(815301076,1909f56bfc062723c751e8b465ee728b)  -> (artifact id: '35b6766a6a13625789fa5f0b8b047dba') in 0.083154 seconds
  Import took 0.088526 seconds .

========================================================================
Received Prepare
Registering precompiled user dll's ...
Registered in 0.001311 seconds.
Begin MonoManager ReloadAssembly
Native extension for WindowsStandalone target not found
Refreshing native plugins compatible for Editor in 0.45 ms, found 1 plugins.
Preloading 0 native plugins for Editor in 0.00 ms.
Invoked RoslynAnalysisRunner static constructor.
RoslynAnalysisRunner will not be running.
RoslynAnalysisRunner has terminated.
Mono: successfully reloaded assembly
- Completed reload, in  1.502 seconds
Platform modules already initialized, skipping
Refreshing native plugins compatible for Editor in 0.90 ms, found 1 plugins.
Preloading 0 native plugins for Editor in 0.00 ms.
Unloading 1802 Unused Serialized files (Serialized files now loaded: 0)
System memory in use before: 87.8 MB.
System memory in use after: 87.8 MB.

Unloading 12 unused Assets to reduce memory usage. Loaded Objects now: 2273.
Total: 3.888647 ms (FindLiveObjects: 0.374187 ms CreateObjectMapping: 0.172800 ms MarkObjects: 3.202565 ms  DeleteObjects: 0.136960 ms)

========================================================================
Received Prepare
Registering precompiled user dll's ...
Registered in 0.001609 seconds.
Begin MonoManager ReloadAssembly
Native extension for WindowsStandalone target not found
Refreshing native plugins compatible for Editor in 0.39 ms, found 1 plugins.
Preloading 0 native plugins for Editor in 0.00 ms.
Invoked RoslynAnalysisRunner static constructor.
RoslynAnalysisRunner will not be running.
RoslynAnalysisRunner has terminated.
Mono: successfully reloaded assembly
- Completed reload, in  1.305 seconds
Platform modules already initialized, skipping
Refreshing native plugins compatible for Editor in 0.89 ms, found 1 plugins.
Preloading 0 native plugins for Editor in 0.00 ms.
Unloading 1802 Unused Serialized files (Serialized files now loaded: 0)
System memory in use before: 87.8 MB.
System memory in use after: 87.8 MB.

Unloading 12 unused Assets to reduce memory usage. Loaded Objects now: 2277.
Total: 2.615898 ms (FindLiveObjects: 0.361814 ms CreateObjectMapping: 0.132267 ms MarkObjects: 1.984857 ms  DeleteObjects: 0.135680 ms)

========================================================================
Received Prepare
Registering precompiled user dll's ...
Registered in 0.001441 seconds.
Begin MonoManager ReloadAssembly
Native extension for WindowsStandalone target not found
Refreshing native plugins compatible for Editor in 0.45 ms, found 1 plugins.
Preloading 0 native plugins for Editor in 0.00 ms.
Invoked RoslynAnalysisRunner static constructor.
RoslynAnalysisRunner will not be running.
RoslynAnalysisRunner has terminated.
Mono: successfully reloaded assembly
- Completed reload, in  1.059 seconds
Platform modules already initialized, skipping
Refreshing native plugins compatible for Editor in 0.94 ms, found 1 plugins.
Preloading 0 native plugins for Editor in 0.00 ms.
Unloading 1802 Unused Serialized files (Serialized files now loaded: 0)
System memory in use before: 87.8 MB.
System memory in use after: 87.8 MB.

Unloading 12 unused Assets to reduce memory usage. Loaded Objects now: 2281.
Total: 3.671046 ms (FindLiveObjects: 0.353707 ms CreateObjectMapping: 0.152747 ms MarkObjects: 2.977285 ms  DeleteObjects: 0.184320 ms)

========================================================================
Received Prepare
Registering precompiled user dll's ...
Registered in 0.000930 seconds.
Begin MonoManager ReloadAssembly
Native extension for WindowsStandalone target not found
Refreshing native plugins compatible for Editor in 0.41 ms, found 1 plugins.
Preloading 0 native plugins for Editor in 0.00 ms.
Invoked RoslynAnalysisRunner static constructor.
RoslynAnalysisRunner will not be running.
RoslynAnalysisRunner has terminated.
Mono: successfully reloaded assembly
- Completed reload, in  1.141 seconds
Platform modules already initialized, skipping
Refreshing native plugins compatible for Editor in 0.64 ms, found 1 plugins.
Preloading 0 native plugins for Editor in 0.00 ms.
Unloading 1802 Unused Serialized files (Serialized files now loaded: 0)
System memory in use before: 87.8 MB.
System memory in use after: 87.8 MB.

Unloading 12 unused Assets to reduce memory usage. Loaded Objects now: 2285.
Total: 3.589126 ms (FindLiveObjects: 0.375894 ms CreateObjectMapping: 0.167254 ms MarkObjects: 2.849285 ms  DeleteObjects: 0.194134 ms)

========================================================================
Received Prepare
Registering precompiled user dll's ...
Registered in 0.000878 seconds.
Begin MonoManager ReloadAssembly
Native extension for WindowsStandalone target not found
Refreshing native plugins compatible for Editor in 0.41 ms, found 1 plugins.
Preloading 0 native plugins for Editor in 0.00 ms.
Invoked RoslynAnalysisRunner static constructor.
RoslynAnalysisRunner will not be running.
RoslynAnalysisRunner has terminated.
Mono: successfully reloaded assembly
- Completed reload, in  1.163 seconds
Platform modules already initialized, skipping
Refreshing native plugins compatible for Editor in 0.66 ms, found 1 plugins.
Preloading 0 native plugins for Editor in 0.00 ms.
Unloading 1802 Unused Serialized files (Serialized files now loaded: 0)
System memory in use before: 87.8 MB.
System memory in use after: 87.8 MB.

Unloading 12 unused Assets to reduce memory usage. Loaded Objects now: 2289.
Total: 11.657407 ms (FindLiveObjects: 0.531201 ms CreateObjectMapping: 0.264107 ms MarkObjects: 10.680765 ms  DeleteObjects: 0.179627 ms)

========================================================================
Received Prepare
Registering precompiled user dll's ...
Registered in 0.000884 seconds.
Begin MonoManager ReloadAssembly
Native extension for WindowsStandalone target not found
Refreshing native plugins compatible for Editor in 0.45 ms, found 1 plugins.
Preloading 0 native plugins for Editor in 0.00 ms.
Invoked RoslynAnalysisRunner static constructor.
RoslynAnalysisRunner will not be running.
RoslynAnalysisRunner has terminated.
Mono: successfully reloaded assembly
- Completed reload, in  1.179 seconds
Platform modules already initialized, skipping
Refreshing native plugins compatible for Editor in 0.65 ms, found 1 plugins.
Preloading 0 native plugins for Editor in 0.00 ms.
Unloading 1802 Unused Serialized files (Serialized files now loaded: 0)
System memory in use before: 87.8 MB.
System memory in use after: 87.8 MB.

Unloading 12 unused Assets to reduce memory usage. Loaded Objects now: 2293.
Total: 4.417288 ms (FindLiveObjects: 1.091842 ms CreateObjectMapping: 0.192427 ms MarkObjects: 2.917978 ms  DeleteObjects: 0.212054 ms)

========================================================================
Received Prepare
Registering precompiled user dll's ...
Registered in 0.001373 seconds.
Begin MonoManager ReloadAssembly
Native extension for WindowsStandalone target not found
Refreshing native plugins compatible for Editor in 0.45 ms, found 1 plugins.
Preloading 0 native plugins for Editor in 0.00 ms.
Invoked RoslynAnalysisRunner static constructor.
RoslynAnalysisRunner will not be running.
RoslynAnalysisRunner has terminated.
Mono: successfully reloaded assembly
- Completed reload, in  1.276 seconds
Platform modules already initialized, skipping
Refreshing native plugins compatible for Editor in 0.91 ms, found 1 plugins.
Preloading 0 native plugins for Editor in 0.00 ms.
Unloading 1802 Unused Serialized files (Serialized files now loaded: 0)
System memory in use before: 87.8 MB.
System memory in use after: 87.8 MB.

Unloading 12 unused Assets to reduce memory usage. Loaded Objects now: 2297.
Total: 3.712860 ms (FindLiveObjects: 0.335787 ms CreateObjectMapping: 0.119467 ms MarkObjects: 3.072432 ms  DeleteObjects: 0.182614 ms)

========================================================================
Received Prepare
Registering precompiled user dll's ...
Registered in 0.001353 seconds.
Begin MonoManager ReloadAssembly
Native extension for WindowsStandalone target not found
Refreshing native plugins compatible for Editor in 0.62 ms, found 1 plugins.
Preloading 0 native plugins for Editor in 0.00 ms.
Invoked RoslynAnalysisRunner static constructor.
RoslynAnalysisRunner will not be running.
RoslynAnalysisRunner has terminated.
Mono: successfully reloaded assembly
- Completed reload, in  1.210 seconds
Platform modules already initialized, skipping
Refreshing native plugins compatible for Editor in 0.68 ms, found 1 plugins.
Preloading 0 native plugins for Editor in 0.00 ms.
Unloading 1802 Unused Serialized files (Serialized files now loaded: 0)
System memory in use before: 87.8 MB.
System memory in use after: 87.8 MB.

Unloading 12 unused Assets to reduce memory usage. Loaded Objects now: 2301.
Total: 4.002993 ms (FindLiveObjects: 1.103362 ms CreateObjectMapping: 0.208640 ms MarkObjects: 2.508378 ms  DeleteObjects: 0.179200 ms)

========================================================================
Received Import Request.
  Time since last request: 1335.450602 seconds.
  path: Assets/bola.prefab
  artifactKey: Guid(77dd1f83c0b39f94b933e7bb24b49820) Importer(815301076,1909f56bfc062723c751e8b465ee728b)
Start importing Assets/bola.prefab using Guid(77dd1f83c0b39f94b933e7bb24b49820) Importer(815301076,1909f56bfc062723c751e8b465ee728b)  -> (artifact id: '3991c1c87091e8baa522b2ca0f7ae1b4') in 0.091289 seconds
  Import took 0.097592 seconds .

========================================================================
Received Prepare
Registering precompiled user dll's ...
Registered in 0.000885 seconds.
Begin MonoManager ReloadAssembly
Native extension for WindowsStandalone target not found
Refreshing native plugins compatible for Editor in 0.56 ms, found 1 plugins.
Preloading 0 native plugins for Editor in 0.00 ms.
Invoked RoslynAnalysisRunner static constructor.
RoslynAnalysisRunner will not be running.
RoslynAnalysisRunner has terminated.
Mono: successfully reloaded assembly
- Completed reload, in  1.490 seconds
Platform modules already initialized, skipping
Refreshing native plugins compatible for Editor in 0.64 ms, found 1 plugins.
Preloading 0 native plugins for Editor in 0.00 ms.
Unloading 1802 Unused Serialized files (Serialized files now loaded: 0)
System memory in use before: 87.9 MB.
System memory in use after: 87.8 MB.

Unloading 12 unused Assets to reduce memory usage. Loaded Objects now: 2306.
Total: 2.680751 ms (FindLiveObjects: 0.289707 ms CreateObjectMapping: 0.098987 ms MarkObjects: 2.141444 ms  DeleteObjects: 0.148480 ms)

========================================================================
Received Prepare
Registering precompiled user dll's ...
Registered in 0.001435 seconds.
Begin MonoManager ReloadAssembly
Native extension for WindowsStandalone target not found
Refreshing native plugins compatible for Editor in 0.44 ms, found 1 plugins.
Preloading 0 native plugins for Editor in 0.00 ms.
Invoked RoslynAnalysisRunner static constructor.
RoslynAnalysisRunner will not be running.
RoslynAnalysisRunner has terminated.
Mono: successfully reloaded assembly
- Completed reload, in  1.079 seconds
Platform modules already initialized, skipping
Refreshing native plugins compatible for Editor in 12.29 ms, found 1 plugins.
Preloading 0 native plugins for Editor in 0.00 ms.
Unloading 1802 Unused Serialized files (Serialized files now loaded: 0)
System memory in use before: 87.9 MB.
System memory in use after: 87.9 MB.

Unloading 12 unused Assets to reduce memory usage. Loaded Objects now: 2310.
Total: 3.167152 ms (FindLiveObjects: 0.240214 ms CreateObjectMapping: 0.064853 ms MarkObjects: 2.699951 ms  DeleteObjects: 0.158720 ms)

========================================================================
Received Prepare
Registering precompiled user dll's ...
Registered in 0.002620 seconds.
Begin MonoManager ReloadAssembly
Native extension for WindowsStandalone target not found
Refreshing native plugins compatible for Editor in 0.58 ms, found 1 plugins.
Preloading 0 native plugins for Editor in 0.00 ms.
Invoked RoslynAnalysisRunner static constructor.
RoslynAnalysisRunner will not be running.
RoslynAnalysisRunner has terminated.
Mono: successfully reloaded assembly
- Completed reload, in  1.842 seconds
Platform modules already initialized, skipping
Refreshing native plugins compatible for Editor in 1.67 ms, found 1 plugins.
Preloading 0 native plugins for Editor in 0.00 ms.
Unloading 1802 Unused Serialized files (Serialized files now loaded: 0)
System memory in use before: 87.9 MB.
System memory in use after: 87.9 MB.

Unloading 12 unused Assets to reduce memory usage. Loaded Objects now: 2314.
Total: 5.947317 ms (FindLiveObjects: 0.619094 ms CreateObjectMapping: 0.302507 ms MarkObjects: 4.798728 ms  DeleteObjects: 0.224854 ms)

========================================================================
Received Prepare
Registering precompiled user dll's ...
Registered in 0.001410 seconds.
Begin MonoManager ReloadAssembly
Native extension for WindowsStandalone target not found
Refreshing native plugins compatible for Editor in 0.55 ms, found 1 plugins.
Preloading 0 native plugins for Editor in 0.00 ms.
Invoked RoslynAnalysisRunner static constructor.
RoslynAnalysisRunner will not be running.
RoslynAnalysisRunner has terminated.
Mono: successfully reloaded assembly
- Completed reload, in  1.259 seconds
Platform modules already initialized, skipping
Refreshing native plugins compatible for Editor in 0.68 ms, found 1 plugins.
Preloading 0 native plugins for Editor in 0.00 ms.
Unloading 1802 Unused Serialized files (Serialized files now loaded: 0)
System memory in use before: 87.9 MB.
System memory in use after: 87.9 MB.

Unloading 12 unused Assets to reduce memory usage. Loaded Objects now: 2318.
Total: 4.360114 ms (FindLiveObjects: 0.544428 ms CreateObjectMapping: 0.270934 ms MarkObjects: 3.367259 ms  DeleteObjects: 0.174934 ms)

========================================================================
Received Prepare
Registering precompiled user dll's ...
Registered in 0.001230 seconds.
Begin MonoManager ReloadAssembly
Native extension for WindowsStandalone target not found
Refreshing native plugins compatible for Editor in 0.43 ms, found 1 plugins.
Preloading 0 native plugins for Editor in 0.00 ms.
Invoked RoslynAnalysisRunner static constructor.
RoslynAnalysisRunner will not be running.
RoslynAnalysisRunner has terminated.
Mono: successfully reloaded assembly
- Completed reload, in  1.136 seconds
Platform modules already initialized, skipping
Refreshing native plugins compatible for Editor in 0.70 ms, found 1 plugins.
Preloading 0 native plugins for Editor in 0.00 ms.
Unloading 1802 Unused Serialized files (Serialized files now loaded: 0)
System memory in use before: 87.9 MB.
System memory in use after: 87.9 MB.

Unloading 12 unused Assets to reduce memory usage. Loaded Objects now: 2322.
Total: 3.754673 ms (FindLiveObjects: 0.362241 ms CreateObjectMapping: 0.155307 ms MarkObjects: 3.053232 ms  DeleteObjects: 0.181760 ms)

========================================================================
Received Prepare
Registering precompiled user dll's ...
Registered in 0.000881 seconds.
Begin MonoManager ReloadAssembly
Native extension for WindowsStandalone target not found
Refreshing native plugins compatible for Editor in 0.47 ms, found 1 plugins.
Preloading 0 native plugins for Editor in 0.00 ms.
Invoked RoslynAnalysisRunner static constructor.
RoslynAnalysisRunner will not be running.
RoslynAnalysisRunner has terminated.
Mono: successfully reloaded assembly
- Completed reload, in  1.140 seconds
Platform modules already initialized, skipping
Refreshing native plugins compatible for Editor in 0.65 ms, found 1 plugins.
Preloading 0 native plugins for Editor in 0.00 ms.
Unloading 1802 Unused Serialized files (Serialized files now loaded: 0)
System memory in use before: 87.9 MB.
System memory in use after: 87.9 MB.

Unloading 12 unused Assets to reduce memory usage. Loaded Objects now: 2326.
Total: 4.527368 ms (FindLiveObjects: 0.622508 ms CreateObjectMapping: 0.201814 ms MarkObjects: 3.509766 ms  DeleteObjects: 0.191147 ms)

========================================================================
Received Prepare
Registering precompiled user dll's ...
Registered in 0.000882 seconds.
Begin MonoManager ReloadAssembly
Native extension for WindowsStandalone target not found
Refreshing native plugins compatible for Editor in 0.51 ms, found 1 plugins.
Preloading 0 native plugins for Editor in 0.00 ms.
Invoked RoslynAnalysisRunner static constructor.
RoslynAnalysisRunner will not be running.
RoslynAnalysisRunner has terminated.
Mono: successfully reloaded assembly
- Completed reload, in  1.061 seconds
Platform modules already initialized, skipping
Refreshing native plugins compatible for Editor in 0.68 ms, found 1 plugins.
Preloading 0 native plugins for Editor in 0.00 ms.
Unloading 1802 Unused Serialized files (Serialized files now loaded: 0)
System memory in use before: 87.9 MB.
System memory in use after: 87.9 MB.

Unloading 12 unused Assets to reduce memory usage. Loaded Objects now: 2330.
Total: 2.683311 ms (FindLiveObjects: 0.224000 ms CreateObjectMapping: 0.097280 ms MarkObjects: 2.164484 ms  DeleteObjects: 0.194987 ms)

========================================================================
Received Prepare
Registering precompiled user dll's ...
Registered in 0.001502 seconds.
Begin MonoManager ReloadAssembly
Native extension for WindowsStandalone target not found
Refreshing native plugins compatible for Editor in 0.41 ms, found 1 plugins.
Preloading 0 native plugins for Editor in 0.00 ms.
Invoked RoslynAnalysisRunner static constructor.
RoslynAnalysisRunner will not be running.
RoslynAnalysisRunner has terminated.
Mono: successfully reloaded assembly
- Completed reload, in  1.233 seconds
Platform modules already initialized, skipping
Refreshing native plugins compatible for Editor in 0.66 ms, found 1 plugins.
Preloading 0 native plugins for Editor in 0.00 ms.
Unloading 1802 Unused Serialized files (Serialized files now loaded: 0)
System memory in use before: 87.9 MB.
System memory in use after: 87.9 MB.

Unloading 12 unused Assets to reduce memory usage. Loaded Objects now: 2334.
Total: 3.982513 ms (FindLiveObjects: 0.430934 ms CreateObjectMapping: 0.177494 ms MarkObjects: 3.179525 ms  DeleteObjects: 0.191574 ms)

========================================================================
Received Prepare
Registering precompiled user dll's ...
Registered in 0.001020 seconds.
Begin MonoManager ReloadAssembly
Native extension for WindowsStandalone target not found
Refreshing native plugins compatible for Editor in 0.43 ms, found 1 plugins.
Preloading 0 native plugins for Editor in 0.00 ms.
Invoked RoslynAnalysisRunner static constructor.
RoslynAnalysisRunner will not be running.
RoslynAnalysisRunner has terminated.
Mono: successfully reloaded assembly
- Completed reload, in  0.999 seconds
Platform modules already initialized, skipping
Refreshing native plugins compatible for Editor in 0.65 ms, found 1 plugins.
Preloading 0 native plugins for Editor in 0.00 ms.
Unloading 1802 Unused Serialized files (Serialized files now loaded: 0)
System memory in use before: 87.9 MB.
System memory in use after: 87.9 MB.

Unloading 12 unused Assets to reduce memory usage. Loaded Objects now: 2338.
Total: 3.364699 ms (FindLiveObjects: 0.314881 ms CreateObjectMapping: 0.101120 ms MarkObjects: 2.774618 ms  DeleteObjects: 0.172374 ms)

========================================================================
Received Prepare
Registering precompiled user dll's ...
Registered in 0.000876 seconds.
Begin MonoManager ReloadAssembly
Native extension for WindowsStandalone target not found
Refreshing native plugins compatible for Editor in 0.39 ms, found 1 plugins.
Preloading 0 native plugins for Editor in 0.00 ms.
Invoked RoslynAnalysisRunner static constructor.
RoslynAnalysisRunner will not be running.
RoslynAnalysisRunner has terminated.
Mono: successfully reloaded assembly
- Completed reload, in  1.032 seconds
Platform modules already initialized, skipping
Refreshing native plugins compatible for Editor in 0.65 ms, found 1 plugins.
Preloading 0 native plugins for Editor in 0.00 ms.
Unloading 1802 Unused Serialized files (Serialized files now loaded: 0)
System memory in use before: 87.9 MB.
System memory in use after: 87.9 MB.

Unloading 12 unused Assets to reduce memory usage. Loaded Objects now: 2342.
Total: 3.799900 ms (FindLiveObjects: 0.333227 ms CreateObjectMapping: 0.126720 ms MarkObjects: 3.143685 ms  DeleteObjects: 0.192427 ms)

========================================================================
Received Prepare
Registering precompiled user dll's ...
Registered in 0.000899 seconds.
Begin MonoManager ReloadAssembly
Native extension for WindowsStandalone target not found
Refreshing native plugins compatible for Editor in 0.47 ms, found 1 plugins.
Preloading 0 native plugins for Editor in 0.00 ms.
Invoked RoslynAnalysisRunner static constructor.
RoslynAnalysisRunner will not be running.
RoslynAnalysisRunner has terminated.
Mono: successfully reloaded assembly
- Completed reload, in  1.169 seconds
Platform modules already initialized, skipping
Refreshing native plugins compatible for Editor in 0.65 ms, found 1 plugins.
Preloading 0 native plugins for Editor in 0.00 ms.
Unloading 1802 Unused Serialized files (Serialized files now loaded: 0)
System memory in use before: 87.9 MB.
System memory in use after: 87.9 MB.

Unloading 12 unused Assets to reduce memory usage. Loaded Objects now: 2346.
Total: 3.397126 ms (FindLiveObjects: 0.389121 ms CreateObjectMapping: 0.148054 ms MarkObjects: 2.711045 ms  DeleteObjects: 0.146347 ms)

========================================================================
Received Prepare
Registering precompiled user dll's ...
Registered in 0.000878 seconds.
Begin MonoManager ReloadAssembly
Native extension for WindowsStandalone target not found
Refreshing native plugins compatible for Editor in 0.52 ms, found 1 plugins.
Preloading 0 native plugins for Editor in 0.00 ms.
Invoked RoslynAnalysisRunner static constructor.
RoslynAnalysisRunner will not be running.
RoslynAnalysisRunner has terminated.
Mono: successfully reloaded assembly
- Completed reload, in  1.006 seconds
Platform modules already initialized, skipping
Refreshing native plugins compatible for Editor in 0.65 ms, found 1 plugins.
Preloading 0 native plugins for Editor in 0.00 ms.
Unloading 1802 Unused Serialized files (Serialized files now loaded: 0)
System memory in use before: 87.9 MB.
System memory in use after: 87.9 MB.

Unloading 12 unused Assets to reduce memory usage. Loaded Objects now: 2350.
Total: 2.859098 ms (FindLiveObjects: 0.270507 ms CreateObjectMapping: 0.091307 ms MarkObjects: 2.330457 ms  DeleteObjects: 0.164267 ms)

========================================================================
Received Prepare
Registering precompiled user dll's ...
Registered in 0.000893 seconds.
Begin MonoManager ReloadAssembly
Native extension for WindowsStandalone target not found
Refreshing native plugins compatible for Editor in 0.42 ms, found 1 plugins.
Preloading 0 native plugins for Editor in 0.00 ms.
Invoked RoslynAnalysisRunner static constructor.
RoslynAnalysisRunner will not be running.
RoslynAnalysisRunner has terminated.
Mono: successfully reloaded assembly
- Completed reload, in  1.195 seconds
Platform modules already initialized, skipping
Refreshing native plugins compatible for Editor in 0.69 ms, found 1 plugins.
Preloading 0 native plugins for Editor in 0.00 ms.
Unloading 1802 Unused Serialized files (Serialized files now loaded: 0)
System memory in use before: 87.9 MB.
System memory in use after: 87.9 MB.

Unloading 12 unused Assets to reduce memory usage. Loaded Objects now: 2354.
Total: 4.088327 ms (FindLiveObjects: 0.401067 ms CreateObjectMapping: 0.147200 ms MarkObjects: 3.355312 ms  DeleteObjects: 0.182187 ms)

========================================================================
Received Prepare
Registering precompiled user dll's ...
Registered in 0.001018 seconds.
Begin MonoManager ReloadAssembly
Native extension for WindowsStandalone target not found
Refreshing native plugins compatible for Editor in 0.43 ms, found 1 plugins.
Preloading 0 native plugins for Editor in 0.00 ms.
Invoked RoslynAnalysisRunner static constructor.
RoslynAnalysisRunner will not be running.
RoslynAnalysisRunner has terminated.
Mono: successfully reloaded assembly
- Completed reload, in  1.015 seconds
Platform modules already initialized, skipping
Refreshing native plugins compatible for Editor in 9.58 ms, found 1 plugins.
Preloading 0 native plugins for Editor in 0.00 ms.
Unloading 1802 Unused Serialized files (Serialized files now loaded: 0)
System memory in use before: 88.0 MB.
System memory in use after: 88.0 MB.

Unloading 12 unused Assets to reduce memory usage. Loaded Objects now: 2358.
Total: 3.866033 ms (FindLiveObjects: 0.356694 ms CreateObjectMapping: 0.126720 ms MarkObjects: 3.190619 ms  DeleteObjects: 0.189440 ms)

========================================================================
Received Import Request.
  Time since last request: 4942.369105 seconds.
  path: Assets/Scenes/SampleScene.unity
  artifactKey: Guid(2cda990e2423bbf4892e6590ba056729) Importer(815301076,1909f56bfc062723c751e8b465ee728b)
Start importing Assets/Scenes/SampleScene.unity using Guid(2cda990e2423bbf4892e6590ba056729) Importer(815301076,1909f56bfc062723c751e8b465ee728b)  -> (artifact id: '6068eebb099e59bd071953b09fea1f59') in 0.018137 seconds
  Import took 0.023300 seconds .

========================================================================
Received Import Request.
  Time since last request: 9.496990 seconds.
  path: Assets
  artifactKey: Guid(00000000000000001000000000000000) Importer(815301076,1909f56bfc062723c751e8b465ee728b)
Start importing Assets using Guid(00000000000000001000000000000000) Importer(815301076,1909f56bfc062723c751e8b465ee728b)  -> (artifact id: '42baae205c97e3337697759514652acd') in 0.002126 seconds
  Import took 0.007145 seconds .

========================================================================
Received Import Request.
  Time since last request: 0.000551 seconds.
  path: Assets
  artifactKey: Guid(00000000000000001000000000000000) Importer(815301076,1909f56bfc062723c751e8b465ee728b)
Start importing Assets using Guid(00000000000000001000000000000000) Importer(815301076,1909f56bfc062723c751e8b465ee728b)  -> (artifact id: '42baae205c97e3337697759514652acd') in 0.001777 seconds
  Import took 0.006808 seconds .

========================================================================
Received Import Request.
  Time since last request: 28.050878 seconds.
  path: Assets/Scenes/menu.unity
  artifactKey: Guid(c3eaf1bd78aa8154499d113b7f56a468) Importer(815301076,1909f56bfc062723c751e8b465ee728b)
Start importing Assets/Scenes/menu.unity using Guid(c3eaf1bd78aa8154499d113b7f56a468) Importer(815301076,1909f56bfc062723c751e8b465ee728b)  -> (artifact id: 'f2f537be09f3627e7f46a86bfb84d32b') in 0.004858 seconds
  Import took 0.014141 seconds .

========================================================================
Received Import Request.
  Time since last request: 24.218317 seconds.
  path: Assets/Scenes/Basket.unity
  artifactKey: Guid(2cda990e2423bbf4892e6590ba056729) Importer(815301076,1909f56bfc062723c751e8b465ee728b)
Start importing Assets/Scenes/Basket.unity using Guid(2cda990e2423bbf4892e6590ba056729) Importer(815301076,1909f56bfc062723c751e8b465ee728b)  -> (artifact id: 'a44fde511efe7e200a583226d20a3239') in 0.003037 seconds
  Import took 0.009127 seconds .

========================================================================
Received Prepare
Registering precompiled user dll's ...
Registered in 0.001309 seconds.
Begin MonoManager ReloadAssembly
Native extension for WindowsStandalone target not found
Refreshing native plugins compatible for Editor in 0.68 ms, found 1 plugins.
Preloading 0 native plugins for Editor in 0.00 ms.
Invoked RoslynAnalysisRunner static constructor.
RoslynAnalysisRunner will not be running.
RoslynAnalysisRunner has terminated.
Mono: successfully reloaded assembly
- Completed reload, in  1.231 seconds
Platform modules already initialized, skipping
Refreshing native plugins compatible for Editor in 0.66 ms, found 1 plugins.
Preloading 0 native plugins for Editor in 0.00 ms.
Unloading 1802 Unused Serialized files (Serialized files now loaded: 0)
System memory in use before: 88.0 MB.
System memory in use after: 88.0 MB.

Unloading 12 unused Assets to reduce memory usage. Loaded Objects now: 2362.
Total: 4.631048 ms (FindLiveObjects: 1.095682 ms CreateObjectMapping: 0.190294 ms MarkObjects: 3.110405 ms  DeleteObjects: 0.232534 ms)

========================================================================
Received Prepare
Registering precompiled user dll's ...
Registered in 0.001333 seconds.
Begin MonoManager ReloadAssembly
Native extension for WindowsStandalone target not found
Refreshing native plugins compatible for Editor in 0.40 ms, found 1 plugins.
Preloading 0 native plugins for Editor in 0.00 ms.
Invoked RoslynAnalysisRunner static constructor.
RoslynAnalysisRunner will not be running.
RoslynAnalysisRunner has terminated.
Mono: successfully reloaded assembly
- Completed reload, in  1.217 seconds
Platform modules already initialized, skipping
Refreshing native plugins compatible for Editor in 0.65 ms, found 1 plugins.
Preloading 0 native plugins for Editor in 0.00 ms.
Unloading 1802 Unused Serialized files (Serialized files now loaded: 0)
System memory in use before: 88.0 MB.
System memory in use after: 88.0 MB.

Unloading 12 unused Assets to reduce memory usage. Loaded Objects now: 2366.
Total: 3.791366 ms (FindLiveObjects: 0.331521 ms CreateObjectMapping: 0.133547 ms MarkObjects: 3.128325 ms  DeleteObjects: 0.192854 ms)

========================================================================
Received Prepare
Registering precompiled user dll's ...
Registered in 0.000946 seconds.
Begin MonoManager ReloadAssembly
Native extension for WindowsStandalone target not found
Refreshing native plugins compatible for Editor in 0.63 ms, found 1 plugins.
Preloading 0 native plugins for Editor in 0.00 ms.
Invoked RoslynAnalysisRunner static constructor.
RoslynAnalysisRunner will not be running.
RoslynAnalysisRunner has terminated.
Mono: successfully reloaded assembly
- Completed reload, in  1.196 seconds
Platform modules already initialized, skipping
Refreshing native plugins compatible for Editor in 0.71 ms, found 1 plugins.
Preloading 0 native plugins for Editor in 0.00 ms.
Unloading 1802 Unused Serialized files (Serialized files now loaded: 0)
System memory in use before: 88.0 MB.
System memory in use after: 88.0 MB.

Unloading 12 unused Assets to reduce memory usage. Loaded Objects now: 2370.
Total: 4.302087 ms (FindLiveObjects: 0.348587 ms CreateObjectMapping: 0.142507 ms MarkObjects: 3.623686 ms  DeleteObjects: 0.184320 ms)

========================================================================
Received Prepare
Registering precompiled user dll's ...
Registered in 0.000897 seconds.
Begin MonoManager ReloadAssembly
Native extension for WindowsStandalone target not found
Refreshing native plugins compatible for Editor in 0.79 ms, found 1 plugins.
Preloading 0 native plugins for Editor in 0.00 ms.
Invoked RoslynAnalysisRunner static constructor.
RoslynAnalysisRunner will not be running.
RoslynAnalysisRunner has terminated.
Mono: successfully reloaded assembly
- Completed reload, in  1.186 seconds
Platform modules already initialized, skipping
Refreshing native plugins compatible for Editor in 0.72 ms, found 1 plugins.
Preloading 0 native plugins for Editor in 0.00 ms.
Unloading 1802 Unused Serialized files (Serialized files now loaded: 0)
System memory in use before: 88.0 MB.
System memory in use after: 88.0 MB.

Unloading 12 unused Assets to reduce memory usage. Loaded Objects now: 2374.
Total: 38.802840 ms (FindLiveObjects: 0.350721 ms CreateObjectMapping: 0.143360 ms MarkObjects: 38.083905 ms  DeleteObjects: 0.221867 ms)

========================================================================
Received Prepare
Registering precompiled user dll's ...
Registered in 0.004218 seconds.
Begin MonoManager ReloadAssembly
Native extension for WindowsStandalone target not found
Refreshing native plugins compatible for Editor in 0.48 ms, found 1 plugins.
Preloading 0 native plugins for Editor in 0.00 ms.
Invoked RoslynAnalysisRunner static constructor.
RoslynAnalysisRunner will not be running.
RoslynAnalysisRunner has terminated.
Mono: successfully reloaded assembly
- Completed reload, in  1.537 seconds
Platform modules already initialized, skipping
Refreshing native plugins compatible for Editor in 1.48 ms, found 1 plugins.
Preloading 0 native plugins for Editor in 0.00 ms.
Unloading 1802 Unused Serialized files (Serialized files now loaded: 0)
System memory in use before: 88.0 MB.
System memory in use after: 88.0 MB.

Unloading 12 unused Assets to reduce memory usage. Loaded Objects now: 2378.
Total: 3.206832 ms (FindLiveObjects: 0.261974 ms CreateObjectMapping: 0.077227 ms MarkObjects: 2.658991 ms  DeleteObjects: 0.206507 ms)

========================================================================
Received Import Request.
  Time since last request: 21670.072015 seconds.
  path: Assets/playermovement.cs
  artifactKey: Guid(fd08f54dda2252e4983a450191997eee) Importer(815301076,1909f56bfc062723c751e8b465ee728b)
Start importing Assets/playermovement.cs using Guid(fd08f54dda2252e4983a450191997eee) Importer(815301076,1909f56bfc062723c751e8b465ee728b)  -> (artifact id: '24ec0f573c5bd18942cdb5ebf35b7e47') in 0.008130 seconds
  Import took 0.013855 seconds .

========================================================================
Received Import Request.
  Time since last request: 0.038998 seconds.
  path: Assets/playermovement.cs
  artifactKey: Guid(fd08f54dda2252e4983a450191997eee) Importer(815301076,1909f56bfc062723c751e8b465ee728b)
Start importing Assets/playermovement.cs using Guid(fd08f54dda2252e4983a450191997eee) Importer(815301076,1909f56bfc062723c751e8b465ee728b)  -> (artifact id: '24ec0f573c5bd18942cdb5ebf35b7e47') in 0.001763 seconds
  Import took 0.007108 seconds .

========================================================================
Received Import Request.
  Time since last request: 12.858687 seconds.
  path: Assets/menu
  artifactKey: Guid(8ebc300cedddb3b439a8015c0025882f) Importer(815301076,1909f56bfc062723c751e8b465ee728b)
Start importing Assets/menu using Guid(8ebc300cedddb3b439a8015c0025882f) Importer(815301076,1909f56bfc062723c751e8b465ee728b)  -> (artifact id: '2b0bef36e6dcd29780cfc548aa876598') in 0.001917 seconds
  Import took 0.007561 seconds .

========================================================================
Received Import Request.
  Time since last request: 297.932230 seconds.
  path: Assets/menu/Basketball-Shooter-2D-unity-3.jpg
  artifactKey: Guid(247d78d3c1bb6b144b475142a8aa57b4) Importer(815301076,1909f56bfc062723c751e8b465ee728b)
Start importing Assets/menu/Basketball-Shooter-2D-unity-3.jpg using Guid(247d78d3c1bb6b144b475142a8aa57b4) Importer(815301076,1909f56bfc062723c751e8b465ee728b)  -> (artifact id: '5d449f039a68d3a375ac5d0df43069c9') in 0.107189 seconds
  Import took 0.111853 seconds .

========================================================================
Received Prepare
Registering precompiled user dll's ...
Registered in 0.001688 seconds.
Begin MonoManager ReloadAssembly
Native extension for WindowsStandalone target not found
Refreshing native plugins compatible for Editor in 0.39 ms, found 1 plugins.
Preloading 0 native plugins for Editor in 0.00 ms.
Invoked RoslynAnalysisRunner static constructor.
RoslynAnalysisRunner will not be running.
RoslynAnalysisRunner has terminated.
Mono: successfully reloaded assembly
- Completed reload, in  1.070 seconds
Platform modules already initialized, skipping
Refreshing native plugins compatible for Editor in 1.03 ms, found 1 plugins.
Preloading 0 native plugins for Editor in 0.00 ms.
Unloading 1802 Unused Serialized files (Serialized files now loaded: 0)
System memory in use before: 88.0 MB.
System memory in use after: 88.0 MB.

Unloading 12 unused Assets to reduce memory usage. Loaded Objects now: 2386.
Total: 3.094192 ms (FindLiveObjects: 0.244480 ms CreateObjectMapping: 0.082773 ms MarkObjects: 2.628271 ms  DeleteObjects: 0.137387 ms)

========================================================================
Received Prepare
Registering precompiled user dll's ...
Registered in 0.000996 seconds.
Begin MonoManager ReloadAssembly
Native extension for WindowsStandalone target not found
Refreshing native plugins compatible for Editor in 0.39 ms, found 1 plugins.
Preloading 0 native plugins for Editor in 0.00 ms.
Invoked RoslynAnalysisRunner static constructor.
RoslynAnalysisRunner will not be running.
RoslynAnalysisRunner has terminated.
Mono: successfully reloaded assembly
- Completed reload, in  1.125 seconds
Platform modules already initialized, skipping
Refreshing native plugins compatible for Editor in 0.66 ms, found 1 plugins.
Preloading 0 native plugins for Editor in 0.00 ms.
Unloading 1802 Unused Serialized files (Serialized files now loaded: 0)
System memory in use before: 88.1 MB.
System memory in use after: 88.0 MB.

Unloading 12 unused Assets to reduce memory usage. Loaded Objects now: 2390.
Total: 2.935045 ms (FindLiveObjects: 0.366507 ms CreateObjectMapping: 0.101974 ms MarkObjects: 2.320217 ms  DeleteObjects: 0.141227 ms)

========================================================================
Received Prepare
Registering precompiled user dll's ...
Registered in 0.000951 seconds.
Begin MonoManager ReloadAssembly
Native extension for WindowsStandalone target not found
Refreshing native plugins compatible for Editor in 0.47 ms, found 1 plugins.
Preloading 0 native plugins for Editor in 0.00 ms.
Invoked RoslynAnalysisRunner static constructor.
RoslynAnalysisRunner will not be running.
RoslynAnalysisRunner has terminated.
Mono: successfully reloaded assembly
- Completed reload, in  1.082 seconds
Platform modules already initialized, skipping
Refreshing native plugins compatible for Editor in 1.31 ms, found 1 plugins.
Preloading 0 native plugins for Editor in 0.00 ms.
Unloading 1802 Unused Serialized files (Serialized files now loaded: 0)
System memory in use before: 88.1 MB.
System memory in use after: 88.1 MB.

Unloading 12 unused Assets to reduce memory usage. Loaded Objects now: 2394.
Total: 2.596271 ms (FindLiveObjects: 0.263254 ms CreateObjectMapping: 0.100267 ms MarkObjects: 2.065924 ms  DeleteObjects: 0.165120 ms)

========================================================================
Received Import Request.
  Time since last request: 1414.628060 seconds.
  path: Assets/TextMesh Pro/Resources/Fonts & Materials/LiberationSans SDF - Drop Shadow.mat
  artifactKey: Guid(e73a58f6e2794ae7b1b7e50b7fb811b0) Importer(815301076,1909f56bfc062723c751e8b465ee728b)
Start importing Assets/TextMesh Pro/Resources/Fonts & Materials/LiberationSans SDF - Drop Shadow.mat using Guid(e73a58f6e2794ae7b1b7e50b7fb811b0) Importer(815301076,1909f56bfc062723c751e8b465ee728b)  -> (artifact id: 'c194066b5ddf713208b3818b9611a53a') in 0.237837 seconds
  Import took 2.408278 seconds .

========================================================================
Received Import Request.
  Time since last request: 0.000346 seconds.
  path: Assets/TextMesh Pro/Resources/Fonts & Materials/LiberationSans SDF - Outline.mat
  artifactKey: Guid(79459efec17a4d00a321bdcc27bbc385) Importer(815301076,1909f56bfc062723c751e8b465ee728b)
Start importing Assets/TextMesh Pro/Resources/Fonts & Materials/LiberationSans SDF - Outline.mat using Guid(79459efec17a4d00a321bdcc27bbc385) Importer(815301076,1909f56bfc062723c751e8b465ee728b)  -> (artifact id: 'a9effe56a08cd2156f7af31e426d9ac1') in 0.119358 seconds
  Import took 0.124621 seconds .

========================================================================
Received Import Request.
  Time since last request: 0.000265 seconds.
  path: Assets/TextMesh Pro/Resources/Fonts & Materials/LiberationSans SDF - Fallback.asset
  artifactKey: Guid(2e498d1c8094910479dc3e1b768306a4) Importer(815301076,1909f56bfc062723c751e8b465ee728b)
Start importing Assets/TextMesh Pro/Resources/Fonts & Materials/LiberationSans SDF - Fallback.asset using Guid(2e498d1c8094910479dc3e1b768306a4) Importer(815301076,1909f56bfc062723c751e8b465ee728b)  -> (artifact id: 'ce7b026d7eb27ba79ec0f96f4fe45e1f') in 0.060023 seconds
  Import took 0.063980 seconds .

========================================================================
Received Import Request.
  Time since last request: 0.000228 seconds.
  path: Assets/TextMesh Pro/Resources/Fonts & Materials/LiberationSans SDF - Drop Shadow.mat
  artifactKey: Guid(e73a58f6e2794ae7b1b7e50b7fb811b0) Importer(815301076,1909f56bfc062723c751e8b465ee728b)
Start importing Assets/TextMesh Pro/Resources/Fonts & Materials/LiberationSans SDF - Drop Shadow.mat using Guid(e73a58f6e2794ae7b1b7e50b7fb811b0) Importer(815301076,1909f56bfc062723c751e8b465ee728b)  -> (artifact id: 'c194066b5ddf713208b3818b9611a53a') in 0.043424 seconds
  Import took 0.047943 seconds .

========================================================================
Received Import Request.
  Time since last request: 0.000249 seconds.
  path: Assets/TextMesh Pro/Resources/Fonts & Materials/LiberationSans SDF.asset
  artifactKey: Guid(8f586378b4e144a9851e7b34d9b748ee) Importer(815301076,1909f56bfc062723c751e8b465ee728b)
Start importing Assets/TextMesh Pro/Resources/Fonts & Materials/LiberationSans SDF.asset using Guid(8f586378b4e144a9851e7b34d9b748ee) Importer(815301076,1909f56bfc062723c751e8b465ee728b)  -> (artifact id: '012442951c2af51cf6d0c4f6d14be546') in 0.054865 seconds
  Import took 0.060247 seconds .

========================================================================
Received Import Request.
  Time since last request: 0.001097 seconds.
  path: Assets/TextMesh Pro/Resources/Fonts & Materials/LiberationSans SDF.asset
  artifactKey: Guid(8f586378b4e144a9851e7b34d9b748ee) Importer(815301076,1909f56bfc062723c751e8b465ee728b)
Start importing Assets/TextMesh Pro/Resources/Fonts & Materials/LiberationSans SDF.asset using Guid(8f586378b4e144a9851e7b34d9b748ee) Importer(815301076,1909f56bfc062723c751e8b465ee728b)  -> (artifact id: '012442951c2af51cf6d0c4f6d14be546') in 0.049085 seconds
  Import took 0.054096 seconds .

========================================================================
Received Import Request.
  Time since last request: 1129.958721 seconds.
  path: Assets/TextMesh Pro/Fonts/LiberationSans.ttf
  artifactKey: Guid(e3265ab4bf004d28a9537516768c1c75) Importer(815301076,1909f56bfc062723c751e8b465ee728b)
Start importing Assets/TextMesh Pro/Fonts/LiberationSans.ttf using Guid(e3265ab4bf004d28a9537516768c1c75) Importer(815301076,1909f56bfc062723c751e8b465ee728b)  -> (artifact id: '9c7ec6a2a790a7598f2701074f94f584') in 0.032739 seconds
  Import took 0.044172 seconds .

========================================================================
Received Import Request.
  Time since last request: 0.006969 seconds.
  path: Assets/TextMesh Pro/Fonts/LiberationSans.ttf
  artifactKey: Guid(e3265ab4bf004d28a9537516768c1c75) Importer(815301076,1909f56bfc062723c751e8b465ee728b)
Start importing Assets/TextMesh Pro/Fonts/LiberationSans.ttf using Guid(e3265ab4bf004d28a9537516768c1c75) Importer(815301076,1909f56bfc062723c751e8b465ee728b)  -> (artifact id: '9c7ec6a2a790a7598f2701074f94f584') in 0.012189 seconds
  Import took 0.017374 seconds .

========================================================================
Received Prepare
Registering precompiled user dll's ...
Registered in 0.001492 seconds.
Begin MonoManager ReloadAssembly
Native extension for WindowsStandalone target not found
Refreshing native plugins compatible for Editor in 0.41 ms, found 1 plugins.
Preloading 0 native plugins for Editor in 0.00 ms.
Invoked RoslynAnalysisRunner static constructor.
RoslynAnalysisRunner will not be running.
RoslynAnalysisRunner has terminated.
Mono: successfully reloaded assembly
- Completed reload, in  1.155 seconds
Platform modules already initialized, skipping
Refreshing native plugins compatible for Editor in 0.70 ms, found 1 plugins.
Preloading 0 native plugins for Editor in 0.00 ms.
Unloading 1815 Unused Serialized files (Serialized files now loaded: 0)
System memory in use before: 90.2 MB.
System memory in use after: 89.6 MB.

Unloading 24 unused Assets to reduce memory usage. Loaded Objects now: 2437.
Total: 12.608448 ms (FindLiveObjects: 1.195095 ms CreateObjectMapping: 0.272640 ms MarkObjects: 10.505831 ms  DeleteObjects: 0.631894 ms)

========================================================================
Received Prepare
Registering precompiled user dll's ...
Registered in 0.001321 seconds.
Begin MonoManager ReloadAssembly
Native extension for WindowsStandalone target not found
Refreshing native plugins compatible for Editor in 0.69 ms, found 1 plugins.
Preloading 0 native plugins for Editor in 0.00 ms.
Invoked RoslynAnalysisRunner static constructor.
RoslynAnalysisRunner will not be running.
RoslynAnalysisRunner has terminated.
Mono: successfully reloaded assembly
- Completed reload, in  1.194 seconds
Platform modules already initialized, skipping
Refreshing native plugins compatible for Editor in 0.67 ms, found 1 plugins.
Preloading 0 native plugins for Editor in 0.00 ms.
Unloading 1814 Unused Serialized files (Serialized files now loaded: 0)
System memory in use before: 90.1 MB.
System memory in use after: 89.5 MB.

Unloading 24 unused Assets to reduce memory usage. Loaded Objects now: 2441.
Total: 4.931848 ms (FindLiveObjects: 0.850775 ms CreateObjectMapping: 0.203094 ms MarkObjects: 3.220485 ms  DeleteObjects: 0.654508 ms)

========================================================================
Received Prepare
Registering precompiled user dll's ...
Registered in 0.001471 seconds.
Begin MonoManager ReloadAssembly
Native extension for WindowsStandalone target not found
Refreshing native plugins compatible for Editor in 1.54 ms, found 1 plugins.
Preloading 0 native plugins for Editor in 0.00 ms.
Invoked RoslynAnalysisRunner static constructor.
RoslynAnalysisRunner will not be running.
RoslynAnalysisRunner has terminated.
Mono: successfully reloaded assembly
- Completed reload, in  2.688 seconds
Platform modules already initialized, skipping
Refreshing native plugins compatible for Editor in 0.76 ms, found 1 plugins.
Preloading 0 native plugins for Editor in 0.00 ms.
Unloading 1814 Unused Serialized files (Serialized files now loaded: 0)
System memory in use before: 90.1 MB.
System memory in use after: 89.6 MB.

Unloading 24 unused Assets to reduce memory usage. Loaded Objects now: 2445.
Total: 4.680115 ms (FindLiveObjects: 0.418134 ms CreateObjectMapping: 0.186880 ms MarkObjects: 3.328432 ms  DeleteObjects: 0.744535 ms)

========================================================================
Received Prepare
Registering precompiled user dll's ...
Registered in 0.000902 seconds.
Begin MonoManager ReloadAssembly
Native extension for WindowsStandalone target not found
Refreshing native plugins compatible for Editor in 0.44 ms, found 1 plugins.
Preloading 0 native plugins for Editor in 0.00 ms.
Invoked RoslynAnalysisRunner static constructor.
RoslynAnalysisRunner will not be running.
RoslynAnalysisRunner has terminated.
Mono: successfully reloaded assembly
- Completed reload, in  0.987 seconds
Platform modules already initialized, skipping
Refreshing native plugins compatible for Editor in 0.63 ms, found 1 plugins.
Preloading 0 native plugins for Editor in 0.00 ms.
Unloading 1816 Unused Serialized files (Serialized files now loaded: 0)
System memory in use before: 90.2 MB.
System memory in use after: 89.6 MB.

Unloading 24 unused Assets to reduce memory usage. Loaded Objects now: 2451.
Total: 3.691526 ms (FindLiveObjects: 0.340907 ms CreateObjectMapping: 0.133120 ms MarkObjects: 2.571524 ms  DeleteObjects: 0.643414 ms)

========================================================================
Received Import Request.
  Time since last request: 556.702490 seconds.
  path: Assets/Menu.cs
  artifactKey: Guid(bd39994a714fc8447bb805dbe6ade6ae) Importer(815301076,1909f56bfc062723c751e8b465ee728b)
Start importing Assets/Menu.cs using Guid(bd39994a714fc8447bb805dbe6ade6ae) Importer(815301076,1909f56bfc062723c751e8b465ee728b)  -> (artifact id: 'fbe896767ff158f045d90bd8d4a43207') in 0.005778 seconds
  Import took 0.011906 seconds .

========================================================================
Received Prepare
Registering precompiled user dll's ...
Registered in 0.002364 seconds.
Begin MonoManager ReloadAssembly
Native extension for WindowsStandalone target not found
Refreshing native plugins compatible for Editor in 0.40 ms, found 1 plugins.
Preloading 0 native plugins for Editor in 0.00 ms.
Invoked RoslynAnalysisRunner static constructor.
RoslynAnalysisRunner will not be running.
RoslynAnalysisRunner has terminated.
Mono: successfully reloaded assembly
- Completed reload, in  1.036 seconds
Platform modules already initialized, skipping
Refreshing native plugins compatible for Editor in 0.75 ms, found 1 plugins.
Preloading 0 native plugins for Editor in 0.00 ms.
Unloading 1816 Unused Serialized files (Serialized files now loaded: 0)
System memory in use before: 90.2 MB.
System memory in use after: 89.6 MB.

Unloading 24 unused Assets to reduce memory usage. Loaded Objects now: 2455.
Total: 4.426674 ms (FindLiveObjects: 0.397654 ms CreateObjectMapping: 0.137387 ms MarkObjects: 3.129179 ms  DeleteObjects: 0.759041 ms)

========================================================================
Received Import Request.
  Time since last request: 462.647576 seconds.
  path: Assets/Menu.cs
  artifactKey: Guid(bd39994a714fc8447bb805dbe6ade6ae) Importer(815301076,1909f56bfc062723c751e8b465ee728b)
Start importing Assets/Menu.cs using Guid(bd39994a714fc8447bb805dbe6ade6ae) Importer(815301076,1909f56bfc062723c751e8b465ee728b)  -> (artifact id: '7fc2630b83d570acd2dfade770eedb1e') in 0.012607 seconds
  Import took 0.022633 seconds .

========================================================================
Received Import Request.
  Time since last request: 153.191308 seconds.
  path: Assets/mainmenu.cs
  artifactKey: Guid(927cab472f1bce54ba9453d37108f856) Importer(815301076,1909f56bfc062723c751e8b465ee728b)
Start importing Assets/mainmenu.cs using Guid(927cab472f1bce54ba9453d37108f856) Importer(815301076,1909f56bfc062723c751e8b465ee728b)  -> (artifact id: '83940de568d221bc58ed4b861833edbe') in 0.003534 seconds
  Import took 0.009790 seconds .

========================================================================
Received Import Request.
  Time since last request: 45.361493 seconds.
  path: Assets/TextMesh Pro
  artifactKey: Guid(f54d1bd14bd3ca042bd867b519fee8cc) Importer(815301076,1909f56bfc062723c751e8b465ee728b)
Start importing Assets/TextMesh Pro using Guid(f54d1bd14bd3ca042bd867b519fee8cc) Importer(815301076,1909f56bfc062723c751e8b465ee728b)  -> (artifact id: 'b0422b807d91bca404ec1c13ada9650f') in 0.002305 seconds
  Import took 0.007990 seconds .

========================================================================
Received Import Request.
  Time since last request: 0.001231 seconds.
  path: Assets/TextMesh Pro
  artifactKey: Guid(f54d1bd14bd3ca042bd867b519fee8cc) Importer(815301076,1909f56bfc062723c751e8b465ee728b)
Start importing Assets/TextMesh Pro using Guid(f54d1bd14bd3ca042bd867b519fee8cc) Importer(815301076,1909f56bfc062723c751e8b465ee728b)  -> (artifact id: 'b0422b807d91bca404ec1c13ada9650f') in 0.002391 seconds
  Import took 0.007382 seconds .

========================================================================
Received Import Request.
  Time since last request: 23.461244 seconds.
  path: Assets/InGame
  artifactKey: Guid(e4be570c3c19f2348b40ff4a964a46e5) Importer(815301076,1909f56bfc062723c751e8b465ee728b)
Start importing Assets/InGame using Guid(e4be570c3c19f2348b40ff4a964a46e5) Importer(815301076,1909f56bfc062723c751e8b465ee728b)  -> (artifact id: '421a6f19253a301646322665e45bcfe2') in 0.002075 seconds
  Import took 0.007756 seconds .

========================================================================
Received Import Request.
  Time since last request: 79.618317 seconds.
  path: Assets/Scene
  artifactKey: Guid(e4be570c3c19f2348b40ff4a964a46e5) Importer(815301076,1909f56bfc062723c751e8b465ee728b)
Start importing Assets/Scene using Guid(e4be570c3c19f2348b40ff4a964a46e5) Importer(815301076,1909f56bfc062723c751e8b465ee728b)  -> (artifact id: 'e87ffc25d971a4d0260a15029032287f') in 0.001926 seconds
  Import took 0.007808 seconds .

========================================================================
Received Import Request.
  Time since last request: 53.515656 seconds.
  path: Assets/asset
  artifactKey: Guid(8ebc300cedddb3b439a8015c0025882f) Importer(815301076,1909f56bfc062723c751e8b465ee728b)
Start importing Assets/asset using Guid(8ebc300cedddb3b439a8015c0025882f) Importer(815301076,1909f56bfc062723c751e8b465ee728b)  -> (artifact id: 'f3aace930c9949c18566b2dd24350c68') in 0.004022 seconds
  Import took 0.009800 seconds .

========================================================================
Received Import Request.
  Time since last request: 57.840766 seconds.
  path: Assets/Scene/In Game.unity
  artifactKey: Guid(2cda990e2423bbf4892e6590ba056729) Importer(815301076,1909f56bfc062723c751e8b465ee728b)
Start importing Assets/Scene/In Game.unity using Guid(2cda990e2423bbf4892e6590ba056729) Importer(815301076,1909f56bfc062723c751e8b465ee728b)  -> (artifact id: 'f4194cc0f341b72be44a1dd2c930f418') in 0.017042 seconds
  Import took 0.022672 seconds .

AssetImportWorkerClient::OnTransportError - code=2 error=End of file
